<?xml version="1.0" encoding="UTF-8"?>
<testng-results ignored="0" total="1" passed="1" failed="0" skipped="0">
  <reporter-output>
  </reporter-output>
  <suite started-at="2021-01-24T09:33:55 EST" name="Default suite" finished-at="2021-01-24T09:33:55 EST" duration-ms="66">
    <groups>
    </groups>
    <test started-at="2021-01-24T09:33:55 EST" name="Default test" finished-at="2021-01-24T09:33:55 EST" duration-ms="66">
      <class name="macys.Tester">
        <test-method signature="dd()[pri:0, instance:macys.Tester@43ee72e6]" started-at="2021-01-24T09:33:55 EST" name="dd" finished-at="2021-01-24T09:33:55 EST" duration-ms="13" status="PASS">
          <reporter-output>
          </reporter-output>
        </test-method> <!-- dd -->
      </class> <!-- macys.Tester -->
    </test> <!-- Default test -->
  </suite> <!-- Default suite -->
</testng-results>
